<?xml version="1.0" encoding="UTF-8"?>
<!-- Generated by org.testng.reporters.JUnitReportReporter -->
<testsuite hostname="DESKTOP-C5DCEJT" failures="0" tests="3" name="Runner.TestRunner" time="0.256" errors="0" timestamp="2023-02-22T09:40:05 IST" skipped="0">
  <testcase classname="Runner.TestRunner" name="runScenario" time="0.140"/>
  <system-out/>
  <testcase classname="Runner.TestRunner" name="runScenario" time="0.044"/>
  <system-out/>
  <testcase classname="Runner.TestRunner" name="runScenario" time="0.072"/>
  <system-out/>
</testsuite> <!-- Runner.TestRunner -->
