<?xml version="1.0" encoding="UTF-8"?>
<!-- Generated by org.testng.reporters.JUnitReportReporter -->
<testsuite hostname="DESKTOP-C5DCEJT" failures="0" tests="1" name="Practice.Web_tablepagination" time="5.703" errors="0" timestamp="2023-02-06T15:24:29 IST" skipped="0">
  <testcase classname="Practice.Web_tablepagination" name="test_table" time="5.703"/>
  <system-out/>
</testsuite> <!-- Practice.Web_tablepagination -->
