<?xml version="1.0" encoding="UTF-8"?>
<!-- Generated by org.testng.reporters.JUnitReportReporter -->
<testsuite hostname="DESKTOP-C5DCEJT" failures="0" tests="5" name="Runner.TestRunner" time="0.246" errors="0" timestamp="2023-02-22T10:04:43 IST" skipped="0">
  <testcase classname="Runner.TestRunner" name="runScenario" time="0.029"/>
  <system-out/>
  <testcase classname="Runner.TestRunner" name="runScenario" time="0.036"/>
  <system-out/>
  <testcase classname="Runner.TestRunner" name="runScenario" time="0.034"/>
  <system-out/>
  <testcase classname="Runner.TestRunner" name="runScenario" time="0.120"/>
  <system-out/>
  <testcase classname="Runner.TestRunner" name="runScenario" time="0.027"/>
  <system-out/>
</testsuite> <!-- Runner.TestRunner -->
