<?xml version="1.0" encoding="UTF-8"?>
<!-- Generated by org.testng.reporters.JUnitReportReporter -->
<testsuite hostname="DESKTOP-C5DCEJT" failures="0" tests="3" name="Runner.TestRunner" time="43.482" errors="0" timestamp="2023-02-21T14:14:00 IST" skipped="0">
  <testcase classname="Runner.TestRunner" name="runScenario" time="21.304"/>
  <system-out/>
  <testcase classname="Runner.TestRunner" name="runScenario" time="8.260"/>
  <system-out/>
  <testcase classname="Runner.TestRunner" name="runScenario" time="13.918"/>
  <system-out/>
</testsuite> <!-- Runner.TestRunner -->
