<?xml version="1.0" encoding="UTF-8"?>
<!-- Generated by org.testng.reporters.JUnitReportReporter -->
<testsuite hostname="DESKTOP-C5DCEJT" failures="0" tests="2" name="Runner.TestRunner" time="34.897" errors="0" timestamp="2023-02-21T12:44:57 IST" skipped="0">
  <testcase classname="Runner.TestRunner" name="runScenario" time="15.354"/>
  <system-out/>
  <testcase classname="Runner.TestRunner" name="runScenario" time="19.543"/>
  <system-out/>
</testsuite> <!-- Runner.TestRunner -->
